[14:04:05] [ERROR] mysql_connect_file: handle error: invalid connection file specified (file: "mysql.cfg")
[14:04:05] [ERROR] mysql_errno: invalid connection handle '0'
[14:06:09] [ERROR] mysql_connect_file: handle error: invalid connection file specified (file: "mysql.cfg")
[14:06:09] [ERROR] mysql_errno: invalid connection handle '0'
[14:38:44] [ERROR] mysql_connect: handle error: no hostname specified
[14:38:44] [ERROR] mysql_connect_file: handle error: invalid connection file specified (file: "mysql.cfg")
[14:38:44] [ERROR] mysql_errno: invalid connection handle '0'
[14:47:18] [ERROR] mysql_connect_file: handle error: invalid connection file specified (file: "mysql.cfg")
[14:47:18] [ERROR] mysql_errno: invalid connection handle '0'
[14:48:03] [ERROR] mysql_connect_file: handle error: invalid connection file specified (file: "mysql.cfg")
[14:48:03] [ERROR] mysql_errno: invalid connection handle '0'
[14:48:13] [ERROR] mysql_connect_file: handle error: invalid connection file specified (file: "mysql.cfg")
[14:48:13] [ERROR] mysql_errno: invalid connection handle '0'
[14:48:50] [WARNING] mysql_connect: no password specified
[14:53:25] [WARNING] mysql_connect: no password specified
[14:54:23] [WARNING] mysql_connect: no password specified
[15:26:33] [WARNING] mysql_connect: no password specified
[15:26:59] [ERROR] error #1146 while executing query "SELECT * FROM `accounts` WHERE `Username` = 'Kelvin_Barrio'": Table 'sampvn.accounts' doesn't exist
[15:48:30] [WARNING] mysql_connect: no password specified
[15:48:45] [ERROR] error #1054 while executing query "INSERT INTO `accounts` (`Username`, `Password`) VALUES ('Kelvin_Barrio', SHA2('12345',256))": Unknown column 'Password' in 'field list'
[15:52:21] [WARNING] mysql_connect: no password specified
[15:52:33] [ERROR] error #1054 while executing query "INSERT INTO `accounts` (`Username`, `Password`) VALUES ('Kelvin_Barrio', SHA2('12345',256))": Unknown column 'Password' in 'field list'
[15:53:06] [WARNING] mysql_connect: no password specified
[16:39:35] [WARNING] mysql_connect: no password specified
[16:41:28] [WARNING] mysql_connect: no password specified
[16:41:42] [WARNING] mysql_connect: no password specified
[16:51:23] [WARNING] mysql_connect: no password specified
[16:54:13] [WARNING] mysql_connect: no password specified
[16:58:03] [WARNING] mysql_connect: no password specified
[16:59:38] [WARNING] mysql_connect: no password specified
[17:04:16] [WARNING] mysql_connect: no password specified
[17:05:48] [WARNING] mysql_connect: no password specified
[17:12:02] [WARNING] mysql_connect: no password specified
[17:15:28] [WARNING] mysql_connect: no password specified
[17:22:25] [WARNING] mysql_connect: no password specified
[17:24:37] [WARNING] mysql_connect: no password specified
[17:25:43] [WARNING] mysql_connect: no password specified
[17:27:11] [WARNING] mysql_connect: no password specified
[17:28:40] [WARNING] mysql_connect: no password specified
[17:30:47] [WARNING] mysql_connect: no password specified
[17:31:27] [WARNING] mysql_connect: no password specified
[17:32:59] [WARNING] mysql_connect: no password specified
[17:34:07] [WARNING] mysql_connect: no password specified
[18:47:47] [WARNING] mysql_connect: no password specified
[19:11:35] [WARNING] mysql_connect: no password specified
[19:13:55] [WARNING] mysql_connect: no password specified
[19:25:09] [WARNING] mysql_connect: no password specified
[20:47:04] [WARNING] mysql_connect: no password specified
[21:17:25] [WARNING] mysql_connect: no password specified
[21:17:34] [WARNING] mysql_connect: no password specified
[22:17:20] [WARNING] mysql_connect: no password specified
[22:17:24] [ERROR] CConnection::CConnection - establishing connection to MySQL database failed: #2002 'Can't connect to MySQL server on 'localhost' (10061)'
[22:17:28] [ERROR] CConnection::CConnection - establishing connection to MySQL database failed: #2002 'Can't connect to MySQL server on 'localhost' (10061)'
[22:17:32] [ERROR] CConnection::CConnection - establishing connection to MySQL database failed: #2002 'Can't connect to MySQL server on 'localhost' (10061)'
[22:17:36] [ERROR] CConnection::CConnection - establishing connection to MySQL database failed: #2002 'Can't connect to MySQL server on 'localhost' (10061)'
[22:17:52] [WARNING] mysql_connect: no password specified
[23:00:37] [WARNING] mysql_connect: no password specified
[23:00:41] [ERROR] CConnection::CConnection - establishing connection to MySQL database failed: #2002 'Can't connect to MySQL server on 'localhost' (10061)'
[23:00:45] [ERROR] CConnection::CConnection - establishing connection to MySQL database failed: #2002 'Can't connect to MySQL server on 'localhost' (10061)'
[23:00:49] [ERROR] CConnection::CConnection - establishing connection to MySQL database failed: #2002 'Can't connect to MySQL server on 'localhost' (10061)'
[23:00:53] [ERROR] CConnection::CConnection - establishing connection to MySQL database failed: #2002 'Can't connect to MySQL server on 'localhost' (10061)'
[23:01:38] [WARNING] mysql_connect: no password specified
[23:01:42] [ERROR] CConnection::CConnection - establishing connection to MySQL database failed: #2002 'Can't connect to MySQL server on 'localhost' (10061)'
[23:01:46] [ERROR] CConnection::CConnection - establishing connection to MySQL database failed: #2002 'Can't connect to MySQL server on 'localhost' (10061)'
[23:01:50] [ERROR] CConnection::CConnection - establishing connection to MySQL database failed: #2002 'Can't connect to MySQL server on 'localhost' (10061)'
[23:02:26] [ERROR] mysql_format: invalid connection handle '1'
[23:02:26] [ERROR] mysql_tquery: invalid connection handle '1'
[23:02:46] [ERROR] mysql_format: invalid connection handle '1'
[23:02:46] [ERROR] mysql_tquery: invalid connection handle '1'
[23:03:39] [WARNING] mysql_connect: no password specified
[23:06:37] [WARNING] mysql_connect: no password specified
[23:09:12] [WARNING] mysql_connect: no password specified
[23:12:41] [WARNING] mysql_connect: no password specified
[01:09:39] [WARNING] mysql_connect: no password specified
[01:22:42] [WARNING] mysql_connect: no password specified
[01:41:05] [WARNING] mysql_connect: no password specified
[11:29:22] [WARNING] mysql_connect: no password specified
[11:31:24] [WARNING] mysql_connect: no password specified
[12:30:46] [WARNING] mysql_connect: no password specified
[12:46:11] [ERROR] error #1064 while executing query "UPDATE `accounts` SET `Username` = 'ADES', `Online` = 0, `EnableSecurity` = 0, `Security` = 0, `Reg` = 1, `Tut` = 5, `Cash` = 5000, `Score` = 1, `Model` = 3, `Health` = '100.00', `Armour` = '0.00', `PosX` = '722.62', `PosY` = '-1494.55', `PosZ` = '3.42', `Angle` = '269.14', `VW` = 0, `Gender` = 1, `Birthday` = '1985-04-10', `Nation` = 1,": You have an error in your SQL syntax; check the manual that corresponds to your MariaDB server version for the right syntax to use near '' at line 1
[12:57:24] [WARNING] mysql_connect: no password specified
[12:59:43] [ERROR] error #1064 while executing query "UPDATE `accounts` SET `Username` = 'Kelvin_Barrio', `Online` = 0, `EnableSecurity` = 0, `Security` = 0, `Reg` = 1, `Tut` = 5, `Cash` = 1, `Score` = 1, `Model` = 3, `Health` = '1.00', `Armour` = '1.00', `PosX` = '716.50', `PosY` = '-1413.63', `PosZ` = '13.51', `Angle` = '315.11', `VW` = 0, `Gender` = 1, `Birthday` = '1994-04-24', `Nation` = 2, `GM` = 0, `Moderator` = 0, `Advisor` = 0, `HR` = 0, `PR` = 0, `ST` = 0,": You have an error in your SQL syntax; check the manual that corresponds to your MariaDB server version for the right syntax to use near '' at line 1
[13:01:31] [WARNING] mysql_connect: no password specified
[13:18:28] [WARNING] mysql_connect: no password specified
[13:18:51] [WARNING] mysql_connect: no password specified
[13:22:30] [ERROR] error #1064 while executing query "SELECT * FROM WHERE (`Username` AND `PassHash`) VALUES ('Kelvin_Barrio', SHA2('1234',256))": You have an error in your SQL syntax; check the manual that corresponds to your MariaDB server version for the right syntax to use near 'WHERE (`Username` AND `PassHash`) VALUES ('Kelvin_Barrio', SHA2('1234',256))' at line 1
[13:27:41] [WARNING] mysql_connect: no password specified
[13:27:53] [ERROR] error #1064 while executing query "SELECT * FROM WHERE `Username` = 'Kelvin_Barrio' AND `PassHash` = SHA2('12', 256)": You have an error in your SQL syntax; check the manual that corresponds to your MariaDB server version for the right syntax to use near 'WHERE `Username` = 'Kelvin_Barrio' AND `PassHash` = SHA2('12', 256)' at line 1
[13:31:24] [ERROR] error #1064 while executing query "SELECT * FROM WHERE `Username` = 'Kelvin_Barrio' AND `PassHash` = SHA2('236', 256)": You have an error in your SQL syntax; check the manual that corresponds to your MariaDB server version for the right syntax to use near 'WHERE `Username` = 'Kelvin_Barrio' AND `PassHash` = SHA2('236', 256)' at line 1
[13:32:00] [WARNING] mysql_connect: no password specified
[13:32:25] [ERROR] cache_get_value_name_int: invalid row index '1' (number of rows: '1')
[13:32:25] [ERROR] cache_get_value_name_int: invalid row index '1' (number of rows: '1')
[13:32:25] [ERROR] cache_get_value_name_int: invalid row index '1' (number of rows: '1')
[13:32:25] [ERROR] cache_get_value_name_int: invalid row index '1' (number of rows: '1')
[13:32:25] [ERROR] cache_get_value_name_int: invalid row index '1' (number of rows: '1')
[13:32:25] [ERROR] cache_get_value_name_int: invalid row index '1' (number of rows: '1')
[13:32:25] [ERROR] cache_get_value_name_int: invalid row index '1' (number of rows: '1')
[13:32:25] [ERROR] cache_get_value_name_int: invalid row index '1' (number of rows: '1')
[13:32:25] [ERROR] cache_get_value_name_int: invalid row index '1' (number of rows: '1')
[13:32:25] [ERROR] cache_get_value_name_int: invalid row index '1' (number of rows: '1')
[13:32:25] [ERROR] cache_get_value_name_int: invalid row index '1' (number of rows: '1')
[13:32:25] [ERROR] cache_get_value_name_int: invalid row index '1' (number of rows: '1')
[13:32:25] [ERROR] cache_get_value_name_int: invalid row index '1' (number of rows: '1')
[13:32:25] [ERROR] cache_get_value_name_int: invalid row index '1' (number of rows: '1')
[13:32:25] [ERROR] cache_get_value_name_int: invalid row index '1' (number of rows: '1')
[13:32:25] [ERROR] cache_get_value_name_int: invalid row index '1' (number of rows: '1')
[13:32:25] [ERROR] cache_get_value_name_int: invalid row index '1' (number of rows: '1')
[13:32:25] [ERROR] cache_get_value_name_int: invalid row index '1' (number of rows: '1')
[13:32:25] [ERROR] cache_get_value_name: invalid row index '1' (number of rows: '1')
[13:32:25] [ERROR] cache_get_value_name_float: invalid row index '1' (number of rows: '1')
[13:32:25] [ERROR] cache_get_value_name_float: invalid row index '1' (number of rows: '1')
[13:32:25] [ERROR] cache_get_value_name_float: invalid row index '1' (number of rows: '1')
[13:32:25] [ERROR] cache_get_value_name_float: invalid row index '1' (number of rows: '1')
[13:32:25] [ERROR] cache_get_value_name_float: invalid row index '1' (number of rows: '1')
[13:32:25] [ERROR] cache_get_value_name_float: invalid row index '1' (number of rows: '1')
[13:33:18] [WARNING] mysql_connect: no password specified
[13:33:30] [ERROR] cache_get_value_name_int: invalid row index '1' (number of rows: '1')
[13:33:30] [ERROR] cache_get_value_name_int: invalid row index '1' (number of rows: '1')
[13:33:30] [ERROR] cache_get_value_name_int: invalid row index '1' (number of rows: '1')
[13:33:30] [ERROR] cache_get_value_name_int: invalid row index '1' (number of rows: '1')
[13:33:30] [ERROR] cache_get_value_name_int: invalid row index '1' (number of rows: '1')
[13:33:30] [ERROR] cache_get_value_name_int: invalid row index '1' (number of rows: '1')
[13:33:30] [ERROR] cache_get_value_name_int: invalid row index '1' (number of rows: '1')
[13:33:30] [ERROR] cache_get_value_name_int: invalid row index '1' (number of rows: '1')
[13:33:30] [ERROR] cache_get_value_name_int: invalid row index '1' (number of rows: '1')
[13:33:30] [ERROR] cache_get_value_name_int: invalid row index '1' (number of rows: '1')
[13:33:30] [ERROR] cache_get_value_name_int: invalid row index '1' (number of rows: '1')
[13:33:30] [ERROR] cache_get_value_name_int: invalid row index '1' (number of rows: '1')
[13:33:30] [ERROR] cache_get_value_name_int: invalid row index '1' (number of rows: '1')
[13:33:30] [ERROR] cache_get_value_name_int: invalid row index '1' (number of rows: '1')
[13:33:30] [ERROR] cache_get_value_name_int: invalid row index '1' (number of rows: '1')
[13:33:30] [ERROR] cache_get_value_name_int: invalid row index '1' (number of rows: '1')
[13:33:30] [ERROR] cache_get_value_name_int: invalid row index '1' (number of rows: '1')
[13:33:30] [ERROR] cache_get_value_name_int: invalid row index '1' (number of rows: '1')
[13:33:30] [ERROR] cache_get_value_name: invalid row index '1' (number of rows: '1')
[13:33:30] [ERROR] cache_get_value_name_float: invalid row index '1' (number of rows: '1')
[13:33:30] [ERROR] cache_get_value_name_float: invalid row index '1' (number of rows: '1')
[13:33:30] [ERROR] cache_get_value_name_float: invalid row index '1' (number of rows: '1')
[13:33:30] [ERROR] cache_get_value_name_float: invalid row index '1' (number of rows: '1')
[13:33:30] [ERROR] cache_get_value_name_float: invalid row index '1' (number of rows: '1')
[13:33:30] [ERROR] cache_get_value_name_float: invalid row index '1' (number of rows: '1')
[13:53:36] [WARNING] mysql_connect: no password specified
[13:53:45] [WARNING] mysql_connect: no password specified
[13:53:57] [WARNING] mysql_connect: no password specified
[13:54:31] [WARNING] mysql_connect: no password specified
[13:54:57] [WARNING] mysql_connect: no password specified
[13:59:41] [WARNING] mysql_connect: no password specified
[13:59:49] [ERROR] cache_get_value_name_int: invalid row index '1' (number of rows: '1')
[13:59:49] [ERROR] cache_get_value_name_int: invalid row index '1' (number of rows: '1')
[13:59:49] [ERROR] cache_get_value_name_int: invalid row index '1' (number of rows: '1')
[13:59:49] [ERROR] cache_get_value_name_int: invalid row index '1' (number of rows: '1')
[13:59:49] [ERROR] cache_get_value_name_int: invalid row index '1' (number of rows: '1')
[13:59:49] [ERROR] cache_get_value_name_int: invalid row index '1' (number of rows: '1')
[13:59:49] [ERROR] cache_get_value_name_int: invalid row index '1' (number of rows: '1')
[13:59:49] [ERROR] cache_get_value_name_int: invalid row index '1' (number of rows: '1')
[13:59:49] [ERROR] cache_get_value_name_int: invalid row index '1' (number of rows: '1')
[13:59:49] [ERROR] cache_get_value_name_int: invalid row index '1' (number of rows: '1')
[13:59:49] [ERROR] cache_get_value_name_int: invalid row index '1' (number of rows: '1')
[13:59:49] [ERROR] cache_get_value_name_int: invalid row index '1' (number of rows: '1')
[13:59:49] [ERROR] cache_get_value_name_int: invalid row index '1' (number of rows: '1')
[13:59:49] [ERROR] cache_get_value_name_int: invalid row index '1' (number of rows: '1')
[13:59:49] [ERROR] cache_get_value_name_int: invalid row index '1' (number of rows: '1')
[13:59:49] [ERROR] cache_get_value_name_int: invalid row index '1' (number of rows: '1')
[13:59:49] [ERROR] cache_get_value_name_int: invalid row index '1' (number of rows: '1')
[13:59:49] [ERROR] cache_get_value_name_int: invalid row index '1' (number of rows: '1')
[13:59:49] [ERROR] cache_get_value_name: invalid row index '1' (number of rows: '1')
[13:59:49] [ERROR] cache_get_value_name_float: invalid row index '1' (number of rows: '1')
[13:59:49] [ERROR] cache_get_value_name_float: invalid row index '1' (number of rows: '1')
[13:59:49] [ERROR] cache_get_value_name_float: invalid row index '1' (number of rows: '1')
[13:59:49] [ERROR] cache_get_value_name_float: invalid row index '1' (number of rows: '1')
[13:59:49] [ERROR] cache_get_value_name_float: invalid row index '1' (number of rows: '1')
[13:59:49] [ERROR] cache_get_value_name_float: invalid row index '1' (number of rows: '1')
[14:06:29] [WARNING] mysql_connect: no password specified
[14:06:42] [ERROR] cache_get_value_name_int: invalid row index '1' (number of rows: '1')
[14:06:42] [ERROR] cache_get_value_name_int: invalid row index '1' (number of rows: '1')
[14:06:42] [ERROR] cache_get_value_name_int: invalid row index '1' (number of rows: '1')
[14:06:42] [ERROR] cache_get_value_name_int: invalid row index '1' (number of rows: '1')
[14:06:42] [ERROR] cache_get_value_name_int: invalid row index '1' (number of rows: '1')
[14:06:42] [ERROR] cache_get_value_name_int: invalid row index '1' (number of rows: '1')
[14:06:42] [ERROR] cache_get_value_name_int: invalid row index '1' (number of rows: '1')
[14:06:42] [ERROR] cache_get_value_name_int: invalid row index '1' (number of rows: '1')
[14:06:42] [ERROR] cache_get_value_name_int: invalid row index '1' (number of rows: '1')
[14:06:42] [ERROR] cache_get_value_name_int: invalid row index '1' (number of rows: '1')
[14:06:42] [ERROR] cache_get_value_name_int: invalid row index '1' (number of rows: '1')
[14:06:42] [ERROR] cache_get_value_name_int: invalid row index '1' (number of rows: '1')
[14:06:42] [ERROR] cache_get_value_name_int: invalid row index '1' (number of rows: '1')
[14:06:42] [ERROR] cache_get_value_name_int: invalid row index '1' (number of rows: '1')
[14:06:42] [ERROR] cache_get_value_name_int: invalid row index '1' (number of rows: '1')
[14:06:42] [ERROR] cache_get_value_name_int: invalid row index '1' (number of rows: '1')
[14:06:42] [ERROR] cache_get_value_name_int: invalid row index '1' (number of rows: '1')
[14:06:42] [ERROR] cache_get_value_name_int: invalid row index '1' (number of rows: '1')
[14:06:42] [ERROR] cache_get_value_name: invalid row index '1' (number of rows: '1')
[14:06:42] [ERROR] cache_get_value_name_float: invalid row index '1' (number of rows: '1')
[14:06:42] [ERROR] cache_get_value_name_float: invalid row index '1' (number of rows: '1')
[14:06:42] [ERROR] cache_get_value_name_float: invalid row index '1' (number of rows: '1')
[14:06:42] [ERROR] cache_get_value_name_float: invalid row index '1' (number of rows: '1')
[14:06:42] [ERROR] cache_get_value_name_float: invalid row index '1' (number of rows: '1')
[14:06:42] [ERROR] cache_get_value_name_float: invalid row index '1' (number of rows: '1')
[14:18:18] [WARNING] mysql_connect: no password specified
[14:29:36] [WARNING] mysql_connect: no password specified
[14:29:43] [ERROR] cache_get_value_name_int: invalid row index '1' (number of rows: '1')
[14:29:43] [ERROR] cache_get_value_name: invalid row index '1' (number of rows: '1')
[14:29:43] [ERROR] cache_get_value_name_float: invalid row index '1' (number of rows: '1')
[14:29:43] [ERROR] cache_get_value_name_float: invalid row index '1' (number of rows: '1')
[14:29:43] [ERROR] cache_get_value_name_float: invalid row index '1' (number of rows: '1')
[14:29:43] [ERROR] cache_get_value_name_float: invalid row index '1' (number of rows: '1')
[14:29:43] [ERROR] cache_get_value_name_float: invalid row index '1' (number of rows: '1')
[14:29:43] [ERROR] cache_get_value_name_float: invalid row index '1' (number of rows: '1')
[14:32:53] [WARNING] mysql_connect: no password specified
[14:33:03] [ERROR] cache_get_value_name_int: invalid row index '1' (number of rows: '1')
[14:33:03] [ERROR] cache_get_value_name: invalid row index '1' (number of rows: '1')
[14:36:27] [WARNING] mysql_connect: no password specified
[14:39:07] [ERROR] cache_get_value_name_int: invalid row index '1' (number of rows: '1')
[14:39:07] [ERROR] cache_get_value_name: invalid row index '1' (number of rows: '1')
[14:40:54] [WARNING] mysql_connect: no password specified
[14:40:58] [ERROR] cache_get_value_name_int: invalid row index '1' (number of rows: '1')
[14:40:58] [ERROR] cache_get_value_name: invalid row index '1' (number of rows: '1')
[15:01:18] [WARNING] mysql_connect: no password specified
[15:01:25] [ERROR] cache_get_value_name_int: invalid row index '1' (number of rows: '1')
[15:01:25] [ERROR] cache_get_value_name: invalid row index '1' (number of rows: '1')
[15:17:28] [WARNING] mysql_connect: no password specified
[15:17:37] [ERROR] cache_get_value_name_int: invalid row index '1' (number of rows: '1')
[15:17:37] [ERROR] cache_get_value_name: invalid row index '1' (number of rows: '1')
[15:41:11] [WARNING] mysql_connect: no password specified
[15:41:18] [ERROR] cache_get_value_name_int: invalid row index '1' (number of rows: '1')
[15:41:18] [ERROR] cache_get_value_name: invalid row index '1' (number of rows: '1')
[15:41:36] [ERROR] error #1064 while executing query "UPDATE `accounts` SET `OOCPhone` VALUES 815356458 WHERE `Username` = 'Kelvin_Barrio'": You have an error in your SQL syntax; check the manual that corresponds to your MariaDB server version for the right syntax to use near 'VALUES 815356458 WHERE `Username` = 'Kelvin_Barrio'' at line 1
[15:42:33] [ERROR] error #1064 while executing query "UPDATE `accounts` SET `OOCName` VALUES 'at' WHERE `Username` = 'Kelvin_Barrio'": You have an error in your SQL syntax; check the manual that corresponds to your MariaDB server version for the right syntax to use near 'VALUES 'at' WHERE `Username` = 'Kelvin_Barrio'' at line 1
[15:48:30] [WARNING] mysql_connect: no password specified
[15:48:57] [ERROR] cache_get_value_name_int: invalid row index '1' (number of rows: '1')
[15:48:57] [ERROR] cache_get_value_name: invalid row index '1' (number of rows: '1')
[15:49:12] [ERROR] error #1064 while executing query "UPDATE `accounts` SET `OOCPhone` VALUES 815356458 WHERE `Username` = 'Kelvin_Barrio'": You have an error in your SQL syntax; check the manual that corresponds to your MariaDB server version for the right syntax to use near 'VALUES 815356458 WHERE `Username` = 'Kelvin_Barrio'' at line 1
[15:50:08] [ERROR] error #1064 while executing query "UPDATE `accounts` SET `OOCName` VALUES 'Nguyen Thi Nha' WHERE `Username` = 'Kelvin_Barrio'": You have an error in your SQL syntax; check the manual that corresponds to your MariaDB server version for the right syntax to use near 'VALUES 'Nguyen Thi Nha' WHERE `Username` = 'Kelvin_Barrio'' at line 1
[15:51:51] [WARNING] mysql_connect: no password specified
[15:51:58] [ERROR] cache_get_value_name_int: invalid row index '1' (number of rows: '1')
[15:51:58] [ERROR] cache_get_value_name: invalid row index '1' (number of rows: '1')
[16:32:08] [WARNING] mysql_connect: no password specified
[16:32:17] [ERROR] cache_get_value_name_int: invalid row index '1' (number of rows: '1')
[16:32:17] [ERROR] cache_get_value_name: invalid row index '1' (number of rows: '1')
[17:03:26] [WARNING] mysql_connect: no password specified
[17:03:35] [ERROR] cache_get_value_name_int: invalid row index '1' (number of rows: '1')
[17:03:35] [ERROR] cache_get_value_name: invalid row index '1' (number of rows: '1')
[17:12:24] [WARNING] mysql_connect: no password specified
[17:12:31] [ERROR] cache_get_value_name_int: invalid row index '1' (number of rows: '1')
[17:12:31] [ERROR] cache_get_value_name: invalid row index '1' (number of rows: '1')
[17:16:24] [WARNING] mysql_connect: no password specified
[17:16:37] [ERROR] cache_get_value_name_int: invalid row index '1' (number of rows: '1')
[17:16:37] [ERROR] cache_get_value_name: invalid row index '1' (number of rows: '1')
[17:47:21] [WARNING] mysql_connect: no password specified
[17:48:10] [WARNING] mysql_connect: no password specified
[21:17:05] [WARNING] mysql_connect: no password specified
[21:17:09] [ERROR] CConnection::CConnection - establishing connection to MySQL database failed: #2002 'Can't connect to MySQL server on 'localhost' (10061)'
[21:17:13] [ERROR] CConnection::CConnection - establishing connection to MySQL database failed: #2002 'Can't connect to MySQL server on 'localhost' (10061)'
[21:17:17] [ERROR] CConnection::CConnection - establishing connection to MySQL database failed: #2002 'Can't connect to MySQL server on 'localhost' (10061)'
[21:17:21] [ERROR] CConnection::CConnection - establishing connection to MySQL database failed: #2002 'Can't connect to MySQL server on 'localhost' (10061)'
[21:17:53] [ERROR] mysql_format: invalid connection handle '1'
[21:17:53] [ERROR] mysql_tquery: invalid connection handle '1'
[21:18:15] [WARNING] mysql_connect: no password specified
[21:18:37] [ERROR] cache_get_value_name_int: invalid row index '1' (number of rows: '1')
[21:18:37] [ERROR] cache_get_value_name: invalid row index '1' (number of rows: '1')
[00:40:12] [WARNING] mysql_connect: no password specified
[00:48:38] [WARNING] mysql_connect: no password specified
[00:48:58] [ERROR] cache_get_value_name_int: invalid row index '1' (number of rows: '1')
[00:48:58] [ERROR] cache_get_value_name: invalid row index '1' (number of rows: '1')
[00:50:52] [ERROR] cache_get_value_name_int: invalid row index '1' (number of rows: '1')
[00:50:52] [ERROR] cache_get_value_name: invalid row index '1' (number of rows: '1')
[00:51:28] [ERROR] cache_get_value_name_int: invalid row index '1' (number of rows: '1')
[00:51:28] [ERROR] cache_get_value_name: invalid row index '1' (number of rows: '1')
[00:52:41] [WARNING] mysql_connect: no password specified
[00:55:18] [WARNING] mysql_connect: no password specified
[00:57:51] [WARNING] mysql_connect: no password specified
[00:58:00] [ERROR] mysql_format: no value for specifier '%e' passed
[00:58:00] [ERROR] error #1065 while executing query "": Query was empty
[01:00:03] [WARNING] mysql_connect: no password specified
[01:00:12] [ERROR] error #1146 while executing query "INSERT INTO `vehicles` (`ModelID`, `Owner`) VALUES (522, 'Kelvin_Barrio')": Table 'sampvn.vehicles' doesn't exist
[01:01:09] [WARNING] mysql_connect: no password specified
[01:01:20] [ERROR] error #1146 while executing query "INSERT INTO `vehicles` (`ModelID`, `Owner`) VALUES (522, '75')": Table 'sampvn.vehicles' doesn't exist
[01:01:41] [WARNING] mysql_connect: no password specified
[01:01:49] [ERROR] error #1146 while executing query "INSERT INTO `vehicles` (`ModelID`, `Owner`) VALUES (522, 'Kelvin_Barrio')": Table 'sampvn.vehicles' doesn't exist
[01:03:08] [WARNING] mysql_connect: no password specified
[01:19:32] [WARNING] mysql_connect: no password specified
[01:19:39] [ERROR] mysql_format: no value for specifier '%d' passed
[01:21:39] [WARNING] mysql_connect: no password specified
[01:21:46] [ERROR] mysql_format: no value for specifier '%d' passed
[01:32:50] [WARNING] mysql_connect: no password specified
[02:52:53] [WARNING] mysql_connect: no password specified
[02:53:26] [WARNING] mysql_connect: no password specified
[02:55:10] [WARNING] mysql_connect: no password specified
[02:56:02] [WARNING] mysql_connect: no password specified
[02:56:24] [ERROR] mysql_format: no value for specifier '%d' passed
[13:10:58] [WARNING] mysql_connect: no password specified
[13:11:57] [ERROR] error #1452 while executing query "INSERT INTO `vehicle` (`pvModelID`, `pvOwner`) VALUES (522, 'Kelvin_Barrio')": Cannot add or update a child row: a foreign key constraint fails (`sampvn`.`vehicle`, CONSTRAINT `vehicle_ibfk_1` FOREIGN KEY (`SQLID`) REFERENCES `accounts` (`ID`) ON DELETE CASCADE ON UPDATE CASCADE)
[13:17:05] [ERROR] error #1452 while executing query "INSERT INTO `vehicle` (`pvModelID`, `pvOwner`) VALUES (522, 'Kelvin_Barrio')": Cannot add or update a child row: a foreign key constraint fails (`sampvn`.`vehicle`, CONSTRAINT `vehicle_ibfk_1` FOREIGN KEY (`SQLID`) REFERENCES `accounts` (`ID`) ON DELETE CASCADE ON UPDATE CASCADE)
[13:23:38] [WARNING] mysql_connect: no password specified
[13:23:50] [ERROR] error #1452 while executing query "INSERT INTO `vehicle` (`pvModelID`, `pvOwner`) VALUES (522, 'Kelvin_Barrio')": Cannot add or update a child row: a foreign key constraint fails (`sampvn`.`vehicle`, CONSTRAINT `vehicle_ibfk_1` FOREIGN KEY (`SQLID`) REFERENCES `accounts` (`ID`) ON DELETE CASCADE ON UPDATE CASCADE)
[13:28:48] [ERROR] error #1452 while executing query "INSERT INTO `vehicle` (`pvModelID`, `pvOwner`) VALUES (522, 'Kelvin_Barrio')": Cannot add or update a child row: a foreign key constraint fails (`sampvn`.`vehicle`, CONSTRAINT `vehicle_ibfk_1` FOREIGN KEY (`SQLID`) REFERENCES `accounts` (`ID`) ON DELETE CASCADE ON UPDATE CASCADE)
[13:29:14] [ERROR] error #1452 while executing query "INSERT INTO `vehicle` (`pvModelID`, `pvOwner`) VALUES (522, 'Kelvin_Barrio')": Cannot add or update a child row: a foreign key constraint fails (`sampvn`.`vehicle`, CONSTRAINT `vehicle_ibfk_1` FOREIGN KEY (`SQLID`) REFERENCES `accounts` (`ID`) ON DELETE CASCADE ON UPDATE CASCADE)
[13:41:52] [WARNING] mysql_connect: no password specified
[13:42:02] [ERROR] mysql_format: no value for specifier '%d' passed
[13:42:35] [WARNING] mysql_connect: no password specified
[13:42:43] [ERROR] mysql_format: no value for specifier '%d' passed
[13:43:28] [WARNING] mysql_connect: no password specified
[13:55:24] [WARNING] mysql_connect: no password specified
[13:57:52] [WARNING] mysql_connect: no password specified
[14:23:09] [WARNING] mysql_connect: no password specified
[14:23:13] [WARNING] mysql_connect: no password specified
[14:33:15] [WARNING] mysql_connect: no password specified
[15:55:29] [WARNING] mysql_connect: no password specified
[15:56:25] [WARNING] mysql_connect: no password specified
[15:57:01] [WARNING] mysql_connect: no password specified
[15:59:07] [WARNING] mysql_connect: no password specified
[16:00:25] [ERROR] mysql_format: no value for specifier '%d' passed
[16:03:47] [WARNING] mysql_connect: no password specified
[16:23:52] [WARNING] mysql_connect: no password specified
[16:23:59] [ERROR] cache_get_value_name_int: field 'pvInterior' not found
[16:23:59] [ERROR] cache_get_value_name_int: field 'pvInterior' not found
[16:24:23] [ERROR] mysql_format: no value for specifier '%d' passed
[16:24:23] [ERROR] mysql_format: no value for specifier '%d' passed
[16:24:23] [ERROR] error #1054 while executing query "UPDATE `vehicle` SET `pvModelID` = 411, `pvOwner` = 'Kelvin_Barrio', `pvHealth` = '1000.00', `pvFuel` = '100.00', `pvColor1` = 2, `pvColor2` = 2, `pvX` = '1274.68', `pvY` = '1274.68', `pvZ` = '13.38', `pvAngle` = '312.75', `pvVW` = 0, `pvLock` = 1, `pvInterior` = 0": Unknown column 'pvInterior' in 'field list'
[16:24:23] [ERROR] error #1054 while executing query "UPDATE `vehicle` SET `pvModelID` = 411, `pvOwner` = 'Kelvin_Barrio', `pvHealth` = '1000.00', `pvFuel` = '100.00', `pvColor1` = 2, `pvColor2` = 2, `pvX` = '1274.68', `pvY` = '1274.68', `pvZ` = '13.38', `pvAngle` = '312.75', `pvVW` = 0, `pvLock` = 1, `pvInterior` = 0": Unknown column 'pvInterior' in 'field list'
[16:26:08] [WARNING] mysql_connect: no password specified
[16:26:14] [ERROR] cache_get_value_name_int: field 'pvInterior' not found
[16:26:14] [ERROR] cache_get_value_name_int: field 'pvInterior' not found
[16:26:47] [ERROR] mysql_format: no value for specifier '%d' passed
[16:26:47] [ERROR] error #1054 while executing query "UPDATE `vehicle` SET `pvModelID` = 522, `pvOwner` = 'Kelvin_Barrio', `pvHealth` = '1000.00', `pvFuel` = '100.00', `pvColor1` = 0, `pvColor2` = 0, `pvX` = '1258.22', `pvY` = '1258.22', `pvZ` = '13.11', `pvAngle` = '112.50', `pvVW` = 0, `pvLock` = 1, `pvInterior` = 0": Unknown column 'pvInterior' in 'field list'
[16:27:10] [ERROR] mysql_format: no value for specifier '%d' passed
[16:27:10] [ERROR] mysql_format: no value for specifier '%d' passed
[16:27:10] [ERROR] mysql_format: no value for specifier '%d' passed
[16:27:10] [ERROR] error #1054 while executing query "UPDATE `vehicle` SET `pvModelID` = 411, `pvOwner` = 'Kelvin_Barrio', `pvHealth` = '1000.00', `pvFuel` = '100.00', `pvColor1` = 2, `pvColor2` = 2, `pvX` = '1274.68', `pvY` = '1274.68', `pvZ` = '13.38', `pvAngle` = '312.75', `pvVW` = 0, `pvLock` = 1, `pvInterior` = 0": Unknown column 'pvInterior' in 'field list'
[16:27:10] [ERROR] error #1054 while executing query "UPDATE `vehicle` SET `pvModelID` = 411, `pvOwner` = 'Kelvin_Barrio', `pvHealth` = '1000.00', `pvFuel` = '100.00', `pvColor1` = 2, `pvColor2` = 2, `pvX` = '1274.68', `pvY` = '1274.68', `pvZ` = '13.38', `pvAngle` = '312.75', `pvVW` = 0, `pvLock` = 1, `pvInterior` = 0": Unknown column 'pvInterior' in 'field list'
[16:27:10] [ERROR] error #1054 while executing query "UPDATE `vehicle` SET `pvModelID` = 522, `pvOwner` = 'Kelvin_Barrio', `pvHealth` = '1000.00', `pvFuel` = '100.00', `pvColor1` = 0, `pvColor2` = 0, `pvX` = '1258.22', `pvY` = '1258.22', `pvZ` = '13.11', `pvAngle` = '112.50', `pvVW` = 0, `pvLock` = 1, `pvInterior` = 0": Unknown column 'pvInterior' in 'field list'
[16:27:20] [WARNING] mysql_connect: no password specified
[16:27:23] [ERROR] cache_get_value_name_int: field 'pvInterior' not found
[16:27:23] [ERROR] cache_get_value_name_int: field 'pvInterior' not found
[16:27:23] [ERROR] cache_get_value_name_int: field 'pvInterior' not found
[16:27:29] [ERROR] mysql_format: no value for specifier '%d' passed
[16:27:29] [ERROR] mysql_format: no value for specifier '%d' passed
[16:27:29] [ERROR] mysql_format: no value for specifier '%d' passed
[16:27:29] [ERROR] error #1054 while executing query "UPDATE `vehicle` SET `pvModelID` = 411, `pvOwner` = 'Kelvin_Barrio', `pvHealth` = '1000.00', `pvFuel` = '100.00', `pvColor1` = 2, `pvColor2` = 2, `pvX` = '1274.68', `pvY` = '1274.68', `pvZ` = '13.38', `pvAngle` = '312.75', `pvVW` = 0, `pvLock` = 1, `pvInterior` = 0": Unknown column 'pvInterior' in 'field list'
[16:27:29] [ERROR] error #1054 while executing query "UPDATE `vehicle` SET `pvModelID` = 411, `pvOwner` = 'Kelvin_Barrio', `pvHealth` = '1000.00', `pvFuel` = '100.00', `pvColor1` = 2, `pvColor2` = 2, `pvX` = '1274.68', `pvY` = '1274.68', `pvZ` = '13.38', `pvAngle` = '312.75', `pvVW` = 0, `pvLock` = 1, `pvInterior` = 0": Unknown column 'pvInterior' in 'field list'
[16:27:29] [ERROR] error #1054 while executing query "UPDATE `vehicle` SET `pvModelID` = 522, `pvOwner` = 'Kelvin_Barrio', `pvHealth` = '0.00', `pvFuel` = '0.00', `pvColor1` = 0, `pvColor2` = 0, `pvX` = '0.00', `pvY` = '0.00', `pvZ` = '0.00', `pvAngle` = '0.00', `pvVW` = 0, `pvLock` = 0, `pvInterior` = 0": Unknown column 'pvInterior' in 'field list'
[16:28:36] [WARNING] mysql_connect: no password specified
[16:28:42] [ERROR] cache_get_value_name_int: field 'pvInterior' not found
[16:28:42] [ERROR] cache_get_value_name_int: field 'pvInterior' not found
[16:28:42] [ERROR] cache_get_value_name_int: field 'pvInterior' not found
[16:29:10] [ERROR] mysql_format: no value for specifier '%d' passed
[16:29:10] [ERROR] mysql_format: no value for specifier '%d' passed
[16:29:10] [ERROR] mysql_format: no value for specifier '%d' passed
[16:29:10] [ERROR] error #1054 while executing query "UPDATE `vehicle` SET `pvModelID` = 411, `pvOwner` = 'Kelvin_Barrio', `pvHealth` = '1000.00', `pvFuel` = '100.00', `pvColor1` = 2, `pvColor2` = 2, `pvX` = '1274.68', `pvY` = '1274.68', `pvZ` = '13.38', `pvAngle` = '312.75', `pvVW` = 0, `pvLock` = 1, `pvInterior` = 0": Unknown column 'pvInterior' in 'field list'
[16:29:10] [ERROR] error #1054 while executing query "UPDATE `vehicle` SET `pvModelID` = 411, `pvOwner` = 'Kelvin_Barrio', `pvHealth` = '1000.00', `pvFuel` = '100.00', `pvColor1` = 2, `pvColor2` = 2, `pvX` = '1274.68', `pvY` = '1274.68', `pvZ` = '13.38', `pvAngle` = '312.75', `pvVW` = 0, `pvLock` = 1, `pvInterior` = 0": Unknown column 'pvInterior' in 'field list'
[16:29:10] [ERROR] error #1054 while executing query "UPDATE `vehicle` SET `pvModelID` = 522, `pvOwner` = 'Kelvin_Barrio', `pvHealth` = '0.00', `pvFuel` = '0.00', `pvColor1` = 0, `pvColor2` = 0, `pvX` = '0.00', `pvY` = '0.00', `pvZ` = '0.00', `pvAngle` = '0.00', `pvVW` = 0, `pvLock` = 0, `pvInterior` = 0": Unknown column 'pvInterior' in 'field list'
[16:32:16] [WARNING] mysql_connect: no password specified
[16:32:22] [ERROR] cache_get_value_name_int: field 'pvInterior' not found
[16:32:22] [ERROR] cache_get_value_name_int: field 'pvInterior' not found
[16:32:22] [ERROR] cache_get_value_name_int: field 'pvInterior' not found
[16:32:36] [ERROR] mysql_format: no value for specifier '%d' passed
[16:32:36] [ERROR] mysql_format: no value for specifier '%d' passed
[16:32:36] [ERROR] mysql_format: no value for specifier '%d' passed
[16:32:36] [ERROR] error #1054 while executing query "UPDATE `vehicle` SET `pvModelID` = 411, `pvOwner` = 'Kelvin_Barrio', `pvHealth` = '1000.00', `pvFuel` = '100.00', `pvColor1` = 2, `pvColor2` = 2, `pvX` = '1274.68', `pvY` = '1274.68', `pvZ` = '13.38', `pvAngle` = '312.75', `pvVW` = 0, `pvLock` = 1, `pvInterior` = 0": Unknown column 'pvInterior' in 'field list'
[16:32:36] [ERROR] error #1054 while executing query "UPDATE `vehicle` SET `pvModelID` = 411, `pvOwner` = 'Kelvin_Barrio', `pvHealth` = '1000.00', `pvFuel` = '100.00', `pvColor1` = 2, `pvColor2` = 2, `pvX` = '1274.68', `pvY` = '1274.68', `pvZ` = '13.38', `pvAngle` = '312.75', `pvVW` = 0, `pvLock` = 1, `pvInterior` = 0": Unknown column 'pvInterior' in 'field list'
[16:32:36] [ERROR] error #1054 while executing query "UPDATE `vehicle` SET `pvModelID` = 522, `pvOwner` = 'Kelvin_Barrio', `pvHealth` = '0.00', `pvFuel` = '0.00', `pvColor1` = 0, `pvColor2` = 0, `pvX` = '0.00', `pvY` = '0.00', `pvZ` = '0.00', `pvAngle` = '0.00', `pvVW` = 0, `pvLock` = 0, `pvInterior` = 0": Unknown column 'pvInterior' in 'field list'
[16:35:29] [ERROR] cache_get_value_name_int: field 'pvInterior' not found
[16:35:29] [ERROR] cache_get_value_name_int: field 'pvInterior' not found
[16:35:29] [ERROR] cache_get_value_name_int: field 'pvInterior' not found
[16:35:43] [ERROR] mysql_format: no value for specifier '%d' passed
[16:35:43] [ERROR] error #1054 while executing query "UPDATE `vehicle` SET `pvModelID` = 411, `pvOwner` = 'Kelvin_Barrio', `pvHealth` = '1000.00', `pvFuel` = '100.00', `pvColor1` = 4, `pvColor2` = 4, `pvX` = '1261.01', `pvY` = '1261.01', `pvZ` = '13.13', `pvAngle` = '133.73', `pvVW` = 0, `pvLock` = 1, `pvInterior` = 0": Unknown column 'pvInterior' in 'field list'
[16:36:26] [ERROR] mysql_format: no value for specifier '%d' passed
[16:36:26] [ERROR] mysql_format: no value for specifier '%d' passed
[16:36:26] [ERROR] mysql_format: no value for specifier '%d' passed
[16:36:26] [ERROR] mysql_format: no value for specifier '%d' passed
[16:36:31] [WARNING] mysql_connect: no password specified
[16:36:39] [ERROR] mysql_format: no value for specifier '%d' passed
[16:37:13] [ERROR] mysql_format: no value for specifier '%d' passed
[16:37:13] [ERROR] mysql_format: no value for specifier '%d' passed
[16:37:13] [ERROR] mysql_format: no value for specifier '%d' passed
[16:37:13] [ERROR] mysql_format: no value for specifier '%d' passed
[16:37:13] [ERROR] mysql_format: no value for specifier '%d' passed
[16:37:22] [WARNING] mysql_connect: no password specified
[16:37:43] [ERROR] mysql_format: no value for specifier '%d' passed
[16:37:43] [ERROR] mysql_format: no value for specifier '%d' passed
[16:37:43] [ERROR] mysql_format: no value for specifier '%d' passed
[16:37:43] [ERROR] mysql_format: no value for specifier '%d' passed
[16:37:43] [ERROR] mysql_format: no value for specifier '%d' passed
[21:26:49] [WARNING] mysql_connect: no password specified
[21:28:33] [ERROR] mysql_format: no value for specifier '%d' passed
[21:28:33] [ERROR] mysql_format: no value for specifier '%d' passed
[21:28:33] [ERROR] mysql_format: no value for specifier '%d' passed
[21:28:33] [ERROR] mysql_format: no value for specifier '%d' passed
[21:28:33] [ERROR] mysql_format: no value for specifier '%d' passed
[21:33:13] [WARNING] mysql_connect: no password specified
[21:33:56] [WARNING] mysql_connect: no password specified
[21:38:14] [WARNING] mysql_connect: no password specified
[21:46:24] [WARNING] mysql_connect: no password specified
[21:46:28] [WARNING] mysql_connect: no password specified
[21:48:45] [WARNING] mysql_connect: no password specified
[21:53:18] [WARNING] mysql_connect: no password specified
[21:56:16] [WARNING] mysql_connect: no password specified
[21:57:34] [WARNING] mysql_connect: no password specified
[23:48:53] [WARNING] mysql_connect: no password specified
[23:50:37] [WARNING] mysql_connect: no password specified
[00:10:51] [WARNING] mysql_connect: no password specified
[00:12:13] [WARNING] mysql_connect: no password specified
[00:14:41] [WARNING] mysql_connect: no password specified
[00:24:21] [WARNING] mysql_connect: no password specified
[00:25:38] [WARNING] mysql_connect: no password specified
[00:30:50] [WARNING] mysql_connect: no password specified
[00:31:33] [WARNING] mysql_connect: no password specified
[00:36:46] [WARNING] mysql_connect: no password specified
[00:40:55] [WARNING] mysql_connect: no password specified
[00:43:22] [WARNING] mysql_connect: no password specified
[00:45:02] [WARNING] mysql_connect: no password specified
[00:45:10] [ERROR] error #1064 while executing query "SELECT * FROM `vehicle` WHERE `SQLID` = elvin_Barrio": You have an error in your SQL syntax; check the manual that corresponds to your MariaDB server version for the right syntax to use near 'elvin_Barrio' at line 1
[00:45:39] [WARNING] mysql_connect: no password specified
[00:52:20] [WARNING] mysql_connect: no password specified
[02:54:19] [WARNING] mysql_connect: no password specified
[02:54:36] [ERROR] error #1064 while executing query "UPDATE `playervehicles` SET (`pvModelid`) VALUES (522) WHERE `pvSlotID` = 1": You have an error in your SQL syntax; check the manual that corresponds to your MariaDB server version for the right syntax to use near '(`pvModelid`) VALUES (522) WHERE `pvSlotID` = 1' at line 1
[12:34:30] [WARNING] mysql_connect: no password specified
[12:36:58] [WARNING] mysql_connect: no password specified
[12:38:26] [WARNING] mysql_connect: no password specified
[12:38:43] [WARNING] mysql_connect: no password specified
[12:39:51] [WARNING] mysql_connect: no password specified
[12:40:23] [ERROR] error #1064 while executing query "UPDATE `playervehicles` SET (`pvModelid`) VALUES (522) WHERE `pvSlotID` = 2": You have an error in your SQL syntax; check the manual that corresponds to your MariaDB server version for the right syntax to use near '(`pvModelid`) VALUES (522) WHERE `pvSlotID` = 2' at line 1
[12:40:37] [WARNING] mysql_connect: no password specified
[12:42:29] [WARNING] mysql_connect: no password specified
[12:42:37] [ERROR] cache_delete: invalid cache id '1'
[12:49:29] [WARNING] mysql_connect: no password specified
[12:55:24] [WARNING] mysql_connect: no password specified
[12:55:34] [ERROR] mysql_tquery: callback error: parameter count does not match format specifier length
[12:55:34] [ERROR] mysql_tquery: callback error: parameter count does not match format specifier length
[12:56:03] [ERROR] mysql_tquery: callback error: parameter count does not match format specifier length
[12:56:03] [ERROR] mysql_tquery: callback error: parameter count does not match format specifier length
[12:56:12] [WARNING] mysql_connect: no password specified
[12:56:18] [ERROR] mysql_tquery: callback error: parameter count does not match format specifier length
[12:56:18] [ERROR] mysql_tquery: callback error: parameter count does not match format specifier length
[12:57:17] [WARNING] mysql_connect: no password specified
[12:57:58] [WARNING] mysql_connect: no password specified
[13:02:18] [WARNING] mysql_connect: no password specified
[13:23:40] [WARNING] mysql_connect: no password specified
[13:30:33] [WARNING] mysql_connect: no password specified
[13:31:31] [WARNING] mysql_connect: no password specified
[17:33:45] [WARNING] mysql_connect: no password specified
[17:33:49] [ERROR] CConnection::CConnection - establishing connection to MySQL database failed: #2002 'Can't connect to MySQL server on 'localhost' (10061)'
[17:33:53] [ERROR] CConnection::CConnection - establishing connection to MySQL database failed: #2002 'Can't connect to MySQL server on 'localhost' (10061)'
[17:33:56] [WARNING] mysql_connect: no password specified
[17:40:12] [WARNING] mysql_connect: no password specified
[17:43:14] [WARNING] mysql_connect: no password specified
[17:43:59] [WARNING] mysql_connect: no password specified
[17:57:17] [WARNING] mysql_connect: no password specified
[17:57:43] [WARNING] mysql_connect: no password specified
[18:06:16] [WARNING] mysql_connect: no password specified
[18:16:35] [WARNING] mysql_connect: no password specified
[23:56:31] [WARNING] mysql_connect: no password specified
[00:09:13] [WARNING] mysql_connect: no password specified
[00:10:51] [WARNING] mysql_connect: no password specified
[00:11:36] [WARNING] mysql_connect: no password specified
[00:17:04] [WARNING] mysql_connect: no password specified
[00:39:34] [WARNING] mysql_connect: no password specified
[12:51:10] [WARNING] mysql_connect: no password specified
[16:09:11] [WARNING] mysql_connect: no password specified
[16:09:20] [ERROR] cache_get_value_name_int: field 'Job' not found
[16:12:00] [ERROR] error #1054 while executing query "UPDATE `accounts` SET `Username` = 'Kelvin_Barrio', `Online` = 0, `EnableSecurity` = 0, `Security` = 52, `Reg` = 1, `Tut` = 5, `Cash` = 5000, `Score` = 1, `Model` = 3, `Health` = '66.00', `Armour` = '0.00', `PosX` = '-1664.23', `PosY` = '39.67', `PosZ` = '3.55', `Angle` = '136.96', `VW` = 0, `Gender` = 1, `Birthday` = '1935-04-04', `Nation` = 1, `GM` = 99999, `Moderator` = 0, `Advisor` = 0, `HR` = 0, `PR` = 0, `ST` = 0, `RealPhone` = 0, `RealName` = 0, `RealAddress` = 0, `RealCCCD` = 0, `Donator` = 0, `Injured` = 0, `Job` = 0 WHERE `Username` = 'Kelvin_Barrio'": Unknown column 'Job' in 'field list'
[16:14:13] [WARNING] mysql_connect: no password specified
[16:14:21] [ERROR] cache_get_value_name_int: field 'Job' not found
[16:19:42] [ERROR] error #1054 while executing query "UPDATE `accounts` SET `Username` = 'Kelvin_Barrio', `Online` = 0, `EnableSecurity` = 0, `Security` = 52, `Reg` = 1, `Tut` = 5, `Cash` = 5000, `Score` = 1, `Model` = 3, `Health` = '66.00', `Armour` = '0.00', `PosX` = '-1719.83', `PosY` = '-9.72', `PosZ` = '3.13', `Angle` = '232.31', `VW` = 0, `Gender` = 1, `Birthday` = '1935-04-04', `Nation` = 1, `GM` = 99999, `Moderator` = 0, `Advisor` = 0, `HR` = 0, `PR` = 0, `ST` = 0, `RealPhone` = 0, `RealName` = 0, `RealAddress` = 0, `RealCCCD` = 0, `Donator` = 0, `Injured` = 0, `Job` = 0 WHERE `Username` = 'Kelvin_Barrio'": Unknown column 'Job' in 'field list'
[16:19:50] [ERROR] cache_get_value_name_int: field 'Job' not found
[16:20:03] [ERROR] error #1054 while executing query "UPDATE `accounts` SET `Username` = 'Kelvin_Barrio', `Online` = 0, `EnableSecurity` = 0, `Security` = 52, `Reg` = 1, `Tut` = 5, `Cash` = 5000, `Score` = 1, `Model` = 3, `Health` = '66.00', `Armour` = '0.00', `PosX` = '-1841.16', `PosY` = '390.13', `PosZ` = '17.02', `Angle` = '131.21', `VW` = 0, `Gender` = 1, `Birthday` = '1935-04-04', `Nation` = 1, `GM` = 99999, `Moderator` = 0, `Advisor` = 0, `HR` = 0, `PR` = 0, `ST` = 0, `RealPhone` = 0, `RealName` = 0, `RealAddress` = 0, `RealCCCD` = 0, `Donator` = 0, `Injured` = 0, `Job` = 0 WHERE `Username` = 'Kelvin_Barrio'": Unknown column 'Job' in 'field list'
[16:23:10] [WARNING] mysql_connect: no password specified
[16:54:39] [WARNING] mysql_connect: no password specified
[21:28:23] [WARNING] mysql_connect: no password specified
[21:28:26] [WARNING] mysql_connect: no password specified
[21:28:30] [ERROR] CConnection::CConnection - establishing connection to MySQL database failed: #2002 'Can't connect to MySQL server on 'localhost' (10061)'
[21:29:48] [WARNING] mysql_connect: no password specified
[21:29:52] [ERROR] CConnection::CConnection - establishing connection to MySQL database failed: #2002 'Can't connect to MySQL server on 'localhost' (10061)'
[21:29:56] [ERROR] CConnection::CConnection - establishing connection to MySQL database failed: #2002 'Can't connect to MySQL server on 'localhost' (10061)'
[21:30:00] [WARNING] mysql_connect: no password specified
[23:16:39] [WARNING] mysql_connect: no password specified
[13:18:51] [WARNING] mysql_connect: no password specified
[13:37:10] [WARNING] mysql_connect: no password specified
[13:37:43] [WARNING] mysql_connect: no password specified
[14:04:13] [WARNING] mysql_connect: no password specified
[14:11:59] [WARNING] mysql_connect: no password specified
[14:13:23] [WARNING] mysql_connect: no password specified
[14:20:57] [WARNING] mysql_connect: no password specified
[14:21:32] [WARNING] mysql_connect: no password specified
[14:22:37] [WARNING] mysql_connect: no password specified
[14:23:36] [WARNING] mysql_connect: no password specified
[14:26:09] [WARNING] mysql_connect: no password specified
[14:29:15] [WARNING] mysql_connect: no password specified
[14:31:29] [WARNING] mysql_connect: no password specified
[14:42:38] [WARNING] mysql_connect: no password specified
[14:44:39] [WARNING] mysql_connect: no password specified
[14:46:49] [WARNING] mysql_connect: no password specified
[14:51:53] [WARNING] mysql_connect: no password specified
[14:56:59] [WARNING] mysql_connect: no password specified
[14:57:38] [WARNING] mysql_connect: no password specified
[15:07:09] [WARNING] mysql_connect: no password specified
[15:17:02] [WARNING] mysql_connect: no password specified
[15:22:46] [WARNING] mysql_connect: no password specified
[15:24:09] [WARNING] mysql_connect: no password specified
[15:31:21] [WARNING] mysql_connect: no password specified
[13:57:00] [WARNING] mysql_connect: no password specified
[13:57:13] [WARNING] mysql_connect: no password specified
[13:57:57] [WARNING] mysql_connect: no password specified
[13:58:33] [WARNING] mysql_connect: no password specified
[13:58:49] [WARNING] mysql_connect: no password specified
[13:59:33] [WARNING] mysql_connect: no password specified
[13:59:59] [WARNING] mysql_connect: no password specified
[14:00:07] [WARNING] mysql_connect: no password specified
[14:01:00] [WARNING] mysql_connect: no password specified
[14:03:07] [WARNING] mysql_connect: no password specified
[14:03:34] [WARNING] mysql_connect: no password specified
[14:10:03] [WARNING] mysql_connect: no password specified
[14:10:34] [WARNING] mysql_connect: no password specified
[14:11:58] [WARNING] mysql_connect: no password specified
[14:17:11] [WARNING] mysql_connect: no password specified
[14:17:26] [WARNING] mysql_connect: no password specified
[14:17:42] [WARNING] mysql_connect: no password specified
[14:17:53] [WARNING] mysql_connect: no password specified
[14:18:08] [WARNING] mysql_connect: no password specified
[14:18:57] [WARNING] mysql_connect: no password specified
[14:19:00] [WARNING] mysql_connect: no password specified
[14:19:24] [WARNING] mysql_connect: no password specified
[14:19:58] [WARNING] mysql_connect: no password specified
[14:20:27] [WARNING] mysql_connect: no password specified
[14:21:44] [WARNING] mysql_connect: no password specified
[14:21:55] [WARNING] mysql_connect: no password specified
[14:22:39] [WARNING] mysql_connect: no password specified
[14:22:53] [WARNING] mysql_connect: no password specified
[14:22:57] [WARNING] mysql_connect: no password specified
[14:23:43] [WARNING] mysql_connect: no password specified
[14:24:52] [WARNING] mysql_connect: no password specified
[14:25:35] [WARNING] mysql_connect: no password specified
[14:26:10] [WARNING] mysql_connect: no password specified
[14:26:41] [WARNING] mysql_connect: no password specified
[14:27:58] [WARNING] mysql_connect: no password specified
[14:55:01] [WARNING] mysql_connect: no password specified
[14:55:30] [WARNING] mysql_connect: no password specified
[15:04:02] [WARNING] mysql_connect: no password specified
[15:38:18] [WARNING] mysql_connect: no password specified
[20:42:26] [WARNING] mysql_connect: no password specified
[20:45:29] [WARNING] mysql_connect: no password specified
[21:08:25] [WARNING] mysql_connect: no password specified
[21:36:04] [WARNING] mysql_connect: no password specified
[21:37:33] [WARNING] mysql_connect: no password specified
[22:27:46] [WARNING] mysql_connect: no password specified
[22:30:02] [WARNING] mysql_connect: no password specified
[22:51:18] [WARNING] mysql_connect: no password specified
[23:13:24] [WARNING] mysql_connect: no password specified
[23:33:56] [WARNING] mysql_connect: no password specified
[23:34:00] [WARNING] mysql_connect: no password specified
[23:35:42] [WARNING] mysql_connect: no password specified
[23:38:10] [WARNING] mysql_connect: no password specified
[23:42:35] [WARNING] mysql_connect: no password specified
[23:44:00] [WARNING] mysql_connect: no password specified
[23:53:09] [WARNING] mysql_connect: no password specified
[00:17:11] [WARNING] mysql_connect: no password specified
[00:19:51] [WARNING] mysql_connect: no password specified
[00:21:17] [WARNING] mysql_connect: no password specified
[00:23:05] [WARNING] mysql_connect: no password specified
[00:37:14] [WARNING] mysql_connect: no password specified
[01:03:56] [WARNING] mysql_connect: no password specified
[01:06:24] [WARNING] mysql_connect: no password specified
[01:28:34] [WARNING] mysql_connect: no password specified
[01:30:28] [WARNING] mysql_connect: no password specified
[12:11:35] [WARNING] mysql_connect: no password specified
[18:00:11] [WARNING] mysql_connect: no password specified
[18:00:15] [ERROR] CConnection::CConnection - establishing connection to MySQL database failed: #2002 'Can't connect to MySQL server on 'localhost' (10061)'
[18:00:20] [WARNING] mysql_connect: no password specified
[18:03:38] [WARNING] mysql_connect: no password specified
[18:08:11] [WARNING] mysql_connect: no password specified
[18:09:57] [WARNING] mysql_connect: no password specified
[22:04:12] [WARNING] mysql_connect: no password specified
[15:09:05] [WARNING] mysql_connect: no password specified
[15:10:32] [WARNING] mysql_connect: no password specified
[15:39:25] [WARNING] mysql_connect: no password specified
[16:04:47] [WARNING] mysql_connect: no password specified
[17:24:11] [WARNING] mysql_connect: no password specified
[17:26:55] [WARNING] mysql_connect: no password specified
[17:29:03] [WARNING] mysql_connect: no password specified
[17:33:57] [WARNING] mysql_connect: no password specified
[17:34:03] [WARNING] mysql_connect: no password specified
[17:34:43] [WARNING] mysql_connect: no password specified
[17:45:17] [WARNING] mysql_connect: no password specified
[17:53:06] [WARNING] mysql_connect: no password specified
[17:55:19] [WARNING] mysql_connect: no password specified
[17:55:23] [ERROR] CConnection::CConnection - establishing connection to MySQL database failed: #2002 'Can't connect to MySQL server on 'localhost' (10061)'
[17:55:25] [WARNING] mysql_connect: no password specified
[17:55:29] [ERROR] CConnection::CConnection - establishing connection to MySQL database failed: #2002 'Can't connect to MySQL server on 'localhost' (10061)'
[17:55:34] [ERROR] CConnection::CConnection - establishing connection to MySQL database failed: #2002 'Can't connect to MySQL server on 'localhost' (10061)'
[17:55:51] [WARNING] mysql_connect: no password specified
[17:55:55] [ERROR] CConnection::CConnection - establishing connection to MySQL database failed: #2002 'Can't connect to MySQL server on 'localhost' (10061)'
[17:55:59] [ERROR] CConnection::CConnection - establishing connection to MySQL database failed: #2002 'Can't connect to MySQL server on 'localhost' (10061)'
[17:56:03] [ERROR] CConnection::CConnection - establishing connection to MySQL database failed: #2002 'Can't connect to MySQL server on 'localhost' (10061)'
[17:56:07] [ERROR] CConnection::CConnection - establishing connection to MySQL database failed: #2002 'Can't connect to MySQL server on 'localhost' (10061)'
[17:56:24] [WARNING] mysql_connect: no password specified
[17:58:49] [WARNING] mysql_connect: no password specified
[18:05:19] [WARNING] mysql_connect: no password specified
[20:24:33] [WARNING] mysql_connect: no password specified
[20:26:33] [WARNING] mysql_connect: no password specified
[20:46:22] [WARNING] mysql_connect: no password specified
[20:46:40] [WARNING] mysql_connect: no password specified
[20:49:27] [WARNING] mysql_connect: no password specified
[20:51:27] [WARNING] mysql_connect: no password specified
[20:55:22] [WARNING] mysql_connect: no password specified
[20:55:40] [WARNING] mysql_connect: no password specified
[20:56:48] [WARNING] mysql_connect: no password specified
[21:03:06] [WARNING] mysql_connect: no password specified
[21:04:30] [WARNING] mysql_connect: no password specified
[21:23:05] [WARNING] mysql_connect: no password specified
[17:25:35] [WARNING] mysql_connect: no password specified
[17:25:40] [ERROR] CConnection::CConnection - establishing connection to MySQL database failed: #2002 'Can't connect to MySQL server on 'localhost' (10061)'
[17:25:44] [ERROR] CConnection::CConnection - establishing connection to MySQL database failed: #2002 'Can't connect to MySQL server on 'localhost' (10061)'
[17:25:48] [ERROR] CConnection::CConnection - establishing connection to MySQL database failed: #2002 'Can't connect to MySQL server on 'localhost' (10061)'
[17:26:40] [ERROR] mysql_format: invalid connection handle '1'
[17:26:40] [ERROR] mysql_tquery: invalid connection handle '1'
[17:26:55] [WARNING] mysql_connect: no password specified
[17:29:13] [WARNING] mysql_connect: no password specified
[17:33:37] [WARNING] mysql_connect: no password specified
[17:36:03] [WARNING] mysql_connect: no password specified
[17:36:31] [WARNING] mysql_connect: no password specified
[17:42:25] [WARNING] mysql_connect: no password specified
[17:50:35] [WARNING] mysql_connect: no password specified
[17:52:21] [WARNING] mysql_connect: no password specified
[17:56:18] [WARNING] mysql_connect: no password specified
[17:57:45] [WARNING] mysql_connect: no password specified
[17:57:49] [WARNING] mysql_connect: no password specified
[18:00:22] [WARNING] mysql_connect: no password specified
[18:00:29] [WARNING] mysql_connect: no password specified
[18:00:43] [WARNING] mysql_connect: no password specified
[18:00:47] [WARNING] mysql_connect: no password specified
[18:03:22] [WARNING] mysql_connect: no password specified
[18:05:54] [WARNING] mysql_connect: no password specified
[18:09:46] [WARNING] mysql_connect: no password specified
[18:11:15] [WARNING] mysql_connect: no password specified
[18:17:08] [WARNING] mysql_connect: no password specified
[18:58:00] [WARNING] mysql_connect: no password specified
[18:58:04] [WARNING] mysql_connect: no password specified
[19:00:50] [WARNING] mysql_connect: no password specified
[19:01:46] [WARNING] mysql_connect: no password specified
[19:03:41] [WARNING] mysql_connect: no password specified
[19:08:08] [WARNING] mysql_connect: no password specified
[19:40:45] [WARNING] mysql_connect: no password specified
[19:40:49] [WARNING] mysql_connect: no password specified
[19:57:01] [WARNING] mysql_connect: no password specified
[20:00:53] [WARNING] mysql_connect: no password specified
[20:03:50] [WARNING] mysql_connect: no password specified
[20:06:02] [WARNING] mysql_connect: no password specified
[20:16:16] [WARNING] mysql_connect: no password specified
[20:24:10] [WARNING] mysql_connect: no password specified
[20:26:59] [WARNING] mysql_connect: no password specified
[20:29:03] [WARNING] mysql_connect: no password specified
[20:29:07] [WARNING] mysql_connect: no password specified
[20:33:55] [WARNING] mysql_connect: no password specified
[20:35:27] [WARNING] mysql_connect: no password specified
[20:41:22] [WARNING] mysql_connect: no password specified
[20:43:54] [WARNING] mysql_connect: no password specified
[20:46:38] [WARNING] mysql_connect: no password specified
[20:46:55] [WARNING] mysql_connect: no password specified
[20:49:22] [WARNING] mysql_connect: no password specified
[21:31:54] [WARNING] mysql_connect: no password specified
[21:33:07] [WARNING] mysql_connect: no password specified
[21:33:21] [WARNING] mysql_connect: no password specified
[21:34:46] [WARNING] mysql_connect: no password specified
[23:28:45] [WARNING] mysql_connect: no password specified
[23:31:54] [WARNING] mysql_connect: no password specified
[23:44:19] [WARNING] mysql_connect: no password specified
[23:54:12] [WARNING] mysql_connect: no password specified
[23:57:58] [WARNING] mysql_connect: no password specified
[00:00:21] [WARNING] mysql_connect: no password specified
[00:02:07] [WARNING] mysql_connect: no password specified
[00:05:17] [WARNING] mysql_connect: no password specified
[00:05:21] [WARNING] mysql_connect: no password specified
[00:06:13] [WARNING] mysql_connect: no password specified
[00:06:16] [WARNING] mysql_connect: no password specified
[00:07:21] [WARNING] mysql_connect: no password specified
[00:11:26] [WARNING] mysql_connect: no password specified
[00:18:33] [WARNING] mysql_connect: no password specified
[00:18:36] [WARNING] mysql_connect: no password specified
[00:19:31] [WARNING] mysql_connect: no password specified
[00:19:36] [WARNING] mysql_connect: no password specified
[00:31:13] [WARNING] mysql_connect: no password specified
[00:50:55] [WARNING] mysql_connect: no password specified
[01:02:41] [WARNING] mysql_connect: no password specified
[01:02:44] [WARNING] mysql_connect: no password specified
[13:13:43] [WARNING] mysql_connect: no password specified
[13:15:20] [WARNING] mysql_connect: no password specified
[13:15:23] [WARNING] mysql_connect: no password specified
[13:16:42] [WARNING] mysql_connect: no password specified
[13:27:22] [WARNING] mysql_connect: no password specified
[13:30:09] [WARNING] mysql_connect: no password specified
[14:05:18] [WARNING] mysql_connect: no password specified
[14:07:34] [WARNING] mysql_connect: no password specified
[14:09:02] [WARNING] mysql_connect: no password specified
[14:09:06] [WARNING] mysql_connect: no password specified
[14:09:53] [WARNING] mysql_connect: no password specified
[14:12:05] [WARNING] mysql_connect: no password specified
[14:27:57] [WARNING] mysql_connect: no password specified
[14:30:14] [WARNING] mysql_connect: no password specified
[14:32:17] [WARNING] mysql_connect: no password specified
[14:40:00] [WARNING] mysql_connect: no password specified
[15:03:50] [WARNING] mysql_connect: no password specified
[15:08:28] [WARNING] mysql_connect: no password specified
[21:12:01] [WARNING] mysql_connect: no password specified
[21:12:21] [WARNING] mysql_connect: no password specified
[21:18:49] [WARNING] mysql_connect: no password specified
[10:25:50] [WARNING] mysql_connect: no password specified
[10:37:59] [WARNING] mysql_connect: no password specified
[13:41:59] [WARNING] mysql_connect: no password specified
[13:46:10] [WARNING] mysql_connect: no password specified
[14:02:10] [WARNING] mysql_connect: no password specified
[14:41:21] [WARNING] mysql_connect: no password specified
[15:02:23] [WARNING] mysql_connect: no password specified
[15:04:40] [WARNING] mysql_connect: no password specified
[15:13:17] [WARNING] mysql_connect: no password specified
[15:13:21] [WARNING] mysql_connect: no password specified
[15:17:28] [WARNING] mysql_connect: no password specified
[22:30:35] [WARNING] mysql_connect: no password specified
[22:30:39] [WARNING] mysql_connect: no password specified
[22:33:57] [WARNING] mysql_connect: no password specified
[22:35:09] [WARNING] mysql_connect: no password specified
[22:36:41] [WARNING] mysql_connect: no password specified
[22:38:09] [WARNING] mysql_connect: no password specified
[22:40:46] [WARNING] mysql_connect: no password specified
[22:42:03] [WARNING] mysql_connect: no password specified
[22:44:09] [WARNING] mysql_connect: no password specified
[22:45:12] [WARNING] mysql_connect: no password specified
[22:46:50] [WARNING] mysql_connect: no password specified
[22:49:22] [WARNING] mysql_connect: no password specified
[12:04:54] [WARNING] mysql_connect: no password specified
[12:04:58] [WARNING] mysql_connect: no password specified
[12:26:54] [WARNING] mysql_connect: no password specified
[12:33:24] [WARNING] mysql_connect: no password specified
[12:33:28] [WARNING] mysql_connect: no password specified
[12:01:37] [WARNING] mysql_connect: no password specified
[12:03:00] [WARNING] mysql_connect: no password specified
[12:03:12] [WARNING] mysql_connect: no password specified
[12:34:40] [WARNING] mysql_connect: no password specified
[12:35:02] [ERROR] error #1146 while executing query "SELECT * FROM `playervehicles` WHERE `sqlid` = 1": Table 'sampvn.playervehicles' doesn't exist
[12:35:15] [ERROR] mysql_format: no value for specifier '%d' passed
[12:37:53] [WARNING] mysql_connect: no password specified
[12:38:50] [ERROR] error #1146 while executing query "SELECT * FROM `playervehicles` WHERE `sqlid` = 1": Table 'sampvn.playervehicles' doesn't exist
[12:57:59] [WARNING] mysql_connect: no password specified
[12:59:36] [WARNING] mysql_connect: no password specified
[13:09:05] [WARNING] mysql_connect: no password specified
[13:13:50] [WARNING] mysql_connect: no password specified
[13:30:04] [WARNING] mysql_connect: no password specified
[13:32:02] [WARNING] mysql_connect: no password specified
[15:41:19] [WARNING] mysql_connect: no password specified
[15:43:29] [WARNING] mysql_connect: no password specified
[15:52:37] [WARNING] mysql_connect: no password specified
[15:54:05] [WARNING] mysql_connect: no password specified
[15:55:17] [ERROR] error #1205 while executing query "UPDATE `accounts` SET `Online` = 1 WHERE `Username` = 'e'": Lock wait timeout exceeded; try restarting transaction
[15:55:22] [WARNING] mysql_connect: no password specified
[15:56:40] [ERROR] error #1205 while executing query "UPDATE `accounts` SET `Online` = 1 WHERE `Username` = 'e'": Lock wait timeout exceeded; try restarting transaction
[16:01:41] [WARNING] mysql_connect: no password specified
[16:02:40] [WARNING] mysql_connect: no password specified
[16:04:00] [ERROR] error #1205 while executing query "UPDATE `accounts` SET `Online` = 1 WHERE `Username` = 'e'": Lock wait timeout exceeded; try restarting transaction
[16:08:18] [WARNING] mysql_connect: no password specified
[16:08:23] [WARNING] mysql_connect: no password specified
[16:08:27] [ERROR] CConnection::CConnection - establishing connection to MySQL database failed: #2002 'Can't connect to MySQL server on 'localhost' (10061)'
[16:08:31] [WARNING] mysql_connect: no password specified
[16:08:36] [WARNING] mysql_connect: no password specified
[19:42:02] [WARNING] mysql_connect: no password specified
[20:01:16] [WARNING] mysql_connect: no password specified
[20:05:39] [WARNING] mysql_connect: no password specified
[20:08:37] [WARNING] mysql_connect: no password specified
[09:33:33] [WARNING] mysql_connect: no password specified
[09:33:41] [WARNING] mysql_connect: no password specified
[09:35:19] [WARNING] mysql_connect: no password specified
[16:27:27] [WARNING] mysql_connect: no password specified
[16:27:32] [WARNING] mysql_connect: no password specified
[16:27:39] [WARNING] mysql_connect: no password specified
[16:27:50] [WARNING] mysql_connect: no password specified
[16:28:27] [WARNING] mysql_connect: no password specified
[17:46:54] [WARNING] mysql_connect: no password specified
[17:51:32] [WARNING] mysql_connect: no password specified
[17:54:39] [WARNING] mysql_connect: no password specified
[17:54:44] [WARNING] mysql_connect: no password specified
[17:58:31] [WARNING] mysql_connect: no password specified
[18:03:00] [WARNING] mysql_connect: no password specified
[18:16:51] [WARNING] mysql_connect: no password specified
[18:37:50] [WARNING] mysql_connect: no password specified
[18:39:20] [WARNING] mysql_connect: no password specified
[18:39:24] [WARNING] mysql_connect: no password specified
[18:42:27] [WARNING] mysql_connect: no password specified
[18:44:41] [WARNING] mysql_connect: no password specified
[18:46:21] [WARNING] mysql_connect: no password specified
[18:48:10] [WARNING] mysql_connect: no password specified
[14:35:56] [WARNING] mysql_connect: no password specified
[14:36:56] [ERROR] error #1064 while executing query "INSERT INTO `preas` (`ID`) = (1)": You have an error in your SQL syntax; check the manual that corresponds to your MariaDB server version for the right syntax to use near '= (1)' at line 1
[14:37:06] [ERROR] error #1064 while executing query "INSERT INTO `preas` (`ID`) = (1)": You have an error in your SQL syntax; check the manual that corresponds to your MariaDB server version for the right syntax to use near '= (1)' at line 1
[14:37:22] [WARNING] mysql_connect: no password specified
[14:37:26] [WARNING] mysql_connect: no password specified
[14:38:03] [WARNING] mysql_connect: no password specified
[14:38:37] [WARNING] mysql_connect: no password specified
[14:39:03] [WARNING] mysql_connect: no password specified
[14:39:24] [WARNING] mysql_connect: no password specified
[14:39:27] [WARNING] mysql_connect: no password specified
[14:39:50] [WARNING] mysql_connect: no password specified
[14:43:37] [WARNING] mysql_connect: no password specified
[14:43:48] [WARNING] mysql_connect: no password specified
[14:45:41] [WARNING] mysql_connect: no password specified
[14:51:56] [WARNING] mysql_connect: no password specified
[14:53:39] [WARNING] mysql_connect: no password specified
[14:56:20] [WARNING] mysql_connect: no password specified
[14:59:24] [WARNING] mysql_connect: no password specified
[15:03:23] [WARNING] mysql_connect: no password specified
[15:04:22] [WARNING] mysql_connect: no password specified
[15:23:02] [WARNING] mysql_connect: no password specified
[15:23:56] [WARNING] mysql_connect: no password specified
[15:24:44] [WARNING] mysql_connect: no password specified
[15:28:58] [WARNING] mysql_connect: no password specified
[15:29:29] [WARNING] mysql_connect: no password specified
[15:29:33] [WARNING] mysql_connect: no password specified
[15:30:59] [WARNING] mysql_connect: no password specified
[15:33:03] [WARNING] mysql_connect: no password specified
[15:33:16] [WARNING] mysql_connect: no password specified
[15:36:32] [WARNING] mysql_connect: no password specified
[15:36:48] [WARNING] mysql_connect: no password specified
[15:37:08] [WARNING] mysql_connect: no password specified
[15:37:15] [WARNING] mysql_connect: no password specified
[15:37:29] [WARNING] mysql_connect: no password specified
[15:37:34] [WARNING] mysql_connect: no password specified
[15:41:19] [WARNING] mysql_connect: no password specified
[15:42:02] [WARNING] mysql_connect: no password specified
[15:42:31] [WARNING] mysql_connect: no password specified
[15:43:15] [WARNING] mysql_connect: no password specified
[15:43:18] [WARNING] mysql_connect: no password specified
[15:43:45] [WARNING] mysql_connect: no password specified
[15:44:05] [WARNING] mysql_connect: no password specified
[15:44:41] [WARNING] mysql_connect: no password specified
[15:45:03] [WARNING] mysql_connect: no password specified
[15:45:43] [WARNING] mysql_connect: no password specified
[13:11:28] [WARNING] mysql_connect: no password specified
[13:11:32] [WARNING] mysql_connect: no password specified
[13:12:27] [ERROR] error #1054 while executing query "UPDATE `protectareas` SET `PosX` = -1627.37, `PosY` = 76.72, `PosZ` = 3.55, `Range` = 0.00 WHERE `SQLID` = 4": Unknown column 'Range' in 'field list'
[13:12:39] [ERROR] error #1054 while executing query "UPDATE `protectareas` SET `PosX` = -1626.02, `PosY` = 76.34, `PosZ` = 3.55, `Range` = 0.00 WHERE `SQLID` = 5": Unknown column 'Range' in 'field list'
[13:15:21] [WARNING] mysql_connect: no password specified
[13:18:21] [WARNING] mysql_connect: no password specified
[13:36:43] [WARNING] mysql_connect: no password specified
[13:37:32] [WARNING] mysql_connect: no password specified
[13:40:11] [WARNING] mysql_connect: no password specified
[13:42:57] [WARNING] mysql_connect: no password specified
[13:45:13] [WARNING] mysql_connect: no password specified
[13:49:31] [WARNING] mysql_connect: no password specified
[13:54:25] [WARNING] mysql_connect: no password specified
[14:04:18] [WARNING] mysql_connect: no password specified
[14:06:40] [WARNING] mysql_connect: no password specified
[14:12:32] [WARNING] mysql_connect: no password specified
[14:14:37] [WARNING] mysql_connect: no password specified
[14:16:04] [WARNING] mysql_connect: no password specified
[14:22:59] [WARNING] mysql_connect: no password specified
[14:23:04] [WARNING] mysql_connect: no password specified
[14:23:58] [WARNING] mysql_connect: no password specified
[14:24:26] [WARNING] mysql_connect: no password specified
[14:29:23] [WARNING] mysql_connect: no password specified
[14:29:59] [WARNING] mysql_connect: no password specified
[14:38:12] [WARNING] mysql_connect: no password specified
[14:51:55] [ERROR] mysql_tquery: invalid connection handle '0'
[14:51:55] [WARNING] mysql_connect: no password specified
[14:58:07] [ERROR] mysql_tquery: invalid connection handle '0'
[14:58:07] [WARNING] mysql_connect: no password specified
[14:58:12] [ERROR] mysql_tquery: invalid connection handle '0'
[14:58:12] [WARNING] mysql_connect: no password specified
[14:58:40] [ERROR] mysql_tquery: invalid connection handle '0'
[14:58:40] [WARNING] mysql_connect: no password specified
[14:58:43] [ERROR] mysql_tquery: invalid connection handle '0'
[14:58:43] [WARNING] mysql_connect: no password specified
[14:59:25] [ERROR] mysql_tquery: invalid connection handle '0'
[14:59:25] [WARNING] mysql_connect: no password specified
[15:00:25] [ERROR] mysql_tquery: invalid connection handle '0'
[15:00:25] [WARNING] mysql_connect: no password specified
[15:07:00] [ERROR] mysql_tquery: invalid connection handle '0'
[15:07:00] [WARNING] mysql_connect: no password specified
[15:07:41] [ERROR] mysql_tquery: invalid connection handle '0'
[15:07:41] [WARNING] mysql_connect: no password specified
[15:08:28] [ERROR] mysql_tquery: invalid connection handle '0'
[15:08:28] [WARNING] mysql_connect: no password specified
[15:09:26] [ERROR] mysql_tquery: invalid connection handle '0'
[15:09:26] [WARNING] mysql_connect: no password specified
[15:12:21] [ERROR] mysql_tquery: invalid connection handle '0'
[15:12:21] [WARNING] mysql_connect: no password specified
[15:12:50] [ERROR] mysql_tquery: invalid connection handle '0'
[15:12:50] [WARNING] mysql_connect: no password specified
[15:15:02] [ERROR] mysql_tquery: invalid connection handle '0'
[15:15:02] [WARNING] mysql_connect: no password specified
[15:18:10] [ERROR] mysql_tquery: invalid connection handle '0'
[15:18:10] [WARNING] mysql_connect: no password specified
[15:20:05] [WARNING] mysql_connect: no password specified
[15:20:10] [WARNING] mysql_connect: no password specified
[15:20:32] [WARNING] mysql_connect: no password specified
[15:21:41] [WARNING] mysql_connect: no password specified
[15:22:02] [WARNING] mysql_connect: no password specified
[15:22:53] [WARNING] mysql_connect: no password specified
[15:23:42] [WARNING] mysql_connect: no password specified
[19:36:16] [WARNING] mysql_connect: no password specified
[19:40:00] [WARNING] mysql_connect: no password specified
[19:44:20] [WARNING] mysql_connect: no password specified
[21:04:41] [WARNING] mysql_connect: no password specified
[21:10:41] [WARNING] mysql_connect: no password specified
[21:15:19] [WARNING] mysql_connect: no password specified
[21:21:19] [WARNING] mysql_connect: no password specified
[21:30:00] [WARNING] mysql_connect: no password specified
[21:38:44] [WARNING] mysql_connect: no password specified
[21:41:15] [WARNING] mysql_connect: no password specified
[20:21:49] [WARNING] mysql_connect: no password specified
[20:33:42] [WARNING] mysql_connect: no password specified
[17:34:17] [WARNING] mysql_connect: no password specified
[17:34:21] [ERROR] CConnection::CConnection - establishing connection to MySQL database failed: #2002 'Can't connect to MySQL server on 'localhost' (10061)'
[17:35:49] [WARNING] mysql_connect: no password specified
[17:35:53] [ERROR] CConnection::CConnection - establishing connection to MySQL database failed: #2002 'Can't connect to MySQL server on 'localhost' (10061)'
[17:35:56] [WARNING] mysql_connect: no password specified
[17:35:57] [ERROR] CConnection::CConnection - establishing connection to MySQL database failed: #1049 'Unknown database 'sampvn''
[17:35:57] [ERROR] CConnection::CConnection - establishing connection to MySQL database failed: #1049 'Unknown database 'sampvn''
[17:35:57] [ERROR] CConnection::CConnection - establishing connection to MySQL database failed: #1049 'Unknown database 'sampvn''
[17:35:57] [ERROR] CConnection::CConnection - establishing connection to MySQL database failed: #1049 'Unknown database 'sampvn''
[17:35:57] [ERROR] mysql_tquery: invalid connection handle '1'
